<?xml version="1.0" encoding="UTF-8"?>
<robot generator="Robot 5.0.1 (Python 3.10.6 on linux)" generated="20230128 07:29:49.097" rpa="false" schemaversion="3">
<suite id="s1" name="Login" source="/home/marcossuba/Documentos/workplace/desafio-qa/Desafio-qa-kmee/web/tests/login.robot">
<test id="s1-t1" name="Login com sucesso" line="8">
<kw name="Inicia sessão" library="basePage" type="SETUP">
<kw name="Open Browser" library="SeleniumLibrary">
<arg>${url}</arg>
<arg>chrome</arg>
<doc>Opens a new browser instance to the optional ``url``.</doc>
<msg timestamp="20230128 07:29:49.241" level="INFO">Opening browser 'chrome' to base url 'https://23160502-14-0-all.runbot155.odoo.com/web'.</msg>
<status status="PASS" starttime="20230128 07:29:49.240" endtime="20230128 07:29:54.853"/>
</kw>
<status status="PASS" starttime="20230128 07:29:49.240" endtime="20230128 07:29:54.853"/>
</kw>
<kw name="Go To" library="SeleniumLibrary">
<arg>${url}/login</arg>
<doc>Navigates the current browser window to the provided ``url``.</doc>
<msg timestamp="20230128 07:29:54.854" level="INFO">Opening url 'https://23160502-14-0-all.runbot155.odoo.com/web/login'</msg>
<status status="PASS" starttime="20230128 07:29:54.854" endtime="20230128 07:29:55.319"/>
</kw>
<kw name="Login with">
<arg>admin</arg>
<arg>admin</arg>
<kw name="Input Text" library="SeleniumLibrary">
<arg>css:input[name=login]</arg>
<arg>${uname}</arg>
<doc>Types the given ``text`` into the text field identified by ``locator``.</doc>
<msg timestamp="20230128 07:29:55.321" level="INFO">Typing text 'admin' into text field 'css:input[name=login]'.</msg>
<status status="PASS" starttime="20230128 07:29:55.320" endtime="20230128 07:29:55.395"/>
</kw>
<kw name="Input Text" library="SeleniumLibrary">
<arg>css:input[name=password]</arg>
<arg>${pass}</arg>
<doc>Types the given ``text`` into the text field identified by ``locator``.</doc>
<msg timestamp="20230128 07:29:55.395" level="INFO">Typing text 'admin' into text field 'css:input[name=password]'.</msg>
<status status="PASS" starttime="20230128 07:29:55.395" endtime="20230128 07:29:55.478"/>
</kw>
<kw name="Click Element" library="SeleniumLibrary">
<arg>css:button[type=submit]</arg>
<doc>Click the element identified by ``locator``.</doc>
<msg timestamp="20230128 07:29:55.478" level="INFO">Clicking element 'css:button[type=submit]'.</msg>
<status status="PASS" starttime="20230128 07:29:55.478" endtime="20230128 07:29:57.327"/>
</kw>
<kw name="Sleep" library="BuiltIn">
<arg>5s</arg>
<doc>Pauses the test executed for the given time.</doc>
<msg timestamp="20230128 07:30:02.328" level="INFO">Slept 5 seconds</msg>
<status status="PASS" starttime="20230128 07:29:57.327" endtime="20230128 07:30:02.328"/>
</kw>
<status status="PASS" starttime="20230128 07:29:55.319" endtime="20230128 07:30:02.329"/>
</kw>
<kw name="Should see Logged user">
<arg>Mitchell Admin</arg>
<kw name="Page Should Contain" library="SeleniumLibrary">
<arg>${full_name}</arg>
<doc>Verifies that current page contains ``text``.</doc>
<msg timestamp="20230128 07:30:02.363" level="INFO">Current page contains text 'Mitchell Admin'.</msg>
<status status="PASS" starttime="20230128 07:30:02.331" endtime="20230128 07:30:02.364"/>
</kw>
<status status="PASS" starttime="20230128 07:30:02.329" endtime="20230128 07:30:02.364"/>
</kw>
<kw name="Encerra sessão" library="basePage" type="TEARDOWN">
<kw name="Capture Page Screenshot" library="SeleniumLibrary">
<doc>Takes a screenshot of the current page and embeds it into a log file.</doc>
<msg timestamp="20230128 07:30:02.466" level="INFO" html="true">&lt;/td&gt;&lt;/tr&gt;&lt;tr&gt;&lt;td colspan="3"&gt;&lt;a href="selenium-screenshot-39.png"&gt;&lt;img src="selenium-screenshot-39.png" width="800px"&gt;&lt;/a&gt;</msg>
<status status="PASS" starttime="20230128 07:30:02.365" endtime="20230128 07:30:02.466"/>
</kw>
<kw name="Close Browser" library="SeleniumLibrary">
<doc>Closes the current browser.</doc>
<status status="PASS" starttime="20230128 07:30:02.466" endtime="20230128 07:30:02.528"/>
</kw>
<status status="PASS" starttime="20230128 07:30:02.364" endtime="20230128 07:30:02.528"/>
</kw>
<status status="PASS" starttime="20230128 07:29:49.240" endtime="20230128 07:30:02.528"/>
</test>
<test id="s1-t2" name="Senha Invalida" line="14">
<kw name="Inicia sessão" library="basePage" type="SETUP">
<kw name="Open Browser" library="SeleniumLibrary">
<arg>${url}</arg>
<arg>chrome</arg>
<doc>Opens a new browser instance to the optional ``url``.</doc>
<msg timestamp="20230128 07:30:02.529" level="INFO">Opening browser 'chrome' to base url 'https://23160502-14-0-all.runbot155.odoo.com/web'.</msg>
<status status="PASS" starttime="20230128 07:30:02.529" endtime="20230128 07:30:05.918"/>
</kw>
<status status="PASS" starttime="20230128 07:30:02.529" endtime="20230128 07:30:05.918"/>
</kw>
<kw name="Go To" library="SeleniumLibrary">
<arg>${url}/login</arg>
<doc>Navigates the current browser window to the provided ``url``.</doc>
<msg timestamp="20230128 07:30:05.918" level="INFO">Opening url 'https://23160502-14-0-all.runbot155.odoo.com/web/login'</msg>
<status status="PASS" starttime="20230128 07:30:05.918" endtime="20230128 07:30:06.805"/>
</kw>
<kw name="Login with">
<arg>testes</arg>
<arg>abd123</arg>
<kw name="Input Text" library="SeleniumLibrary">
<arg>css:input[name=login]</arg>
<arg>${uname}</arg>
<doc>Types the given ``text`` into the text field identified by ``locator``.</doc>
<msg timestamp="20230128 07:30:06.806" level="INFO">Typing text 'testes' into text field 'css:input[name=login]'.</msg>
<status status="PASS" starttime="20230128 07:30:06.805" endtime="20230128 07:30:06.903"/>
</kw>
<kw name="Input Text" library="SeleniumLibrary">
<arg>css:input[name=password]</arg>
<arg>${pass}</arg>
<doc>Types the given ``text`` into the text field identified by ``locator``.</doc>
<msg timestamp="20230128 07:30:06.904" level="INFO">Typing text 'abd123' into text field 'css:input[name=password]'.</msg>
<status status="PASS" starttime="20230128 07:30:06.903" endtime="20230128 07:30:06.978"/>
</kw>
<kw name="Click Element" library="SeleniumLibrary">
<arg>css:button[type=submit]</arg>
<doc>Click the element identified by ``locator``.</doc>
<msg timestamp="20230128 07:30:06.979" level="INFO">Clicking element 'css:button[type=submit]'.</msg>
<status status="PASS" starttime="20230128 07:30:06.978" endtime="20230128 07:30:07.396"/>
</kw>
<kw name="Sleep" library="BuiltIn">
<arg>5s</arg>
<doc>Pauses the test executed for the given time.</doc>
<msg timestamp="20230128 07:30:12.398" level="INFO">Slept 5 seconds</msg>
<status status="PASS" starttime="20230128 07:30:07.397" endtime="20230128 07:30:12.398"/>
</kw>
<status status="PASS" starttime="20230128 07:30:06.805" endtime="20230128 07:30:12.399"/>
</kw>
<kw name="Should Contain Login Alert">
<arg>Wrong login/password</arg>
<kw name="Get WebElement" library="SeleniumLibrary">
<var>${message}</var>
<arg>id:wrapwrap</arg>
<doc>Returns the first WebElement matching the given ``locator``.</doc>
<msg timestamp="20230128 07:30:12.442" level="INFO">${message} = &lt;selenium.webdriver.remote.webelement.WebElement (session="90e901df8aa57ab2b913e90083cd59f6", element="0d7da039-854c-4354-8834-ae9256101c4d")&gt;</msg>
<status status="PASS" starttime="20230128 07:30:12.400" endtime="20230128 07:30:12.443"/>
</kw>
<kw name="Should Contain" library="BuiltIn">
<arg>${message.text}</arg>
<arg>${expect_message}</arg>
<doc>Fails if ``container`` does not contain ``item`` one or more times.</doc>
<status status="PASS" starttime="20230128 07:30:12.443" endtime="20230128 07:30:12.513"/>
</kw>
<status status="PASS" starttime="20230128 07:30:12.399" endtime="20230128 07:30:12.513"/>
</kw>
<kw name="Encerra sessão" library="basePage" type="TEARDOWN">
<kw name="Capture Page Screenshot" library="SeleniumLibrary">
<doc>Takes a screenshot of the current page and embeds it into a log file.</doc>
<msg timestamp="20230128 07:30:12.631" level="INFO" html="true">&lt;/td&gt;&lt;/tr&gt;&lt;tr&gt;&lt;td colspan="3"&gt;&lt;a href="selenium-screenshot-40.png"&gt;&lt;img src="selenium-screenshot-40.png" width="800px"&gt;&lt;/a&gt;</msg>
<status status="PASS" starttime="20230128 07:30:12.514" endtime="20230128 07:30:12.631"/>
</kw>
<kw name="Close Browser" library="SeleniumLibrary">
<doc>Closes the current browser.</doc>
<status status="PASS" starttime="20230128 07:30:12.631" endtime="20230128 07:30:12.693"/>
</kw>
<status status="PASS" starttime="20230128 07:30:12.513" endtime="20230128 07:30:12.694"/>
</kw>
<tag>login_error</tag>
<status status="PASS" starttime="20230128 07:30:02.529" endtime="20230128 07:30:12.694"/>
</test>
<test id="s1-t3" name="Usuario não existe" line="21">
<kw name="Inicia sessão" library="basePage" type="SETUP">
<kw name="Open Browser" library="SeleniumLibrary">
<arg>${url}</arg>
<arg>chrome</arg>
<doc>Opens a new browser instance to the optional ``url``.</doc>
<msg timestamp="20230128 07:30:12.695" level="INFO">Opening browser 'chrome' to base url 'https://23160502-14-0-all.runbot155.odoo.com/web'.</msg>
<status status="PASS" starttime="20230128 07:30:12.695" endtime="20230128 07:30:15.922"/>
</kw>
<status status="PASS" starttime="20230128 07:30:12.695" endtime="20230128 07:30:15.922"/>
</kw>
<kw name="Go To" library="SeleniumLibrary">
<arg>${url}/login</arg>
<doc>Navigates the current browser window to the provided ``url``.</doc>
<msg timestamp="20230128 07:30:15.923" level="INFO">Opening url 'https://23160502-14-0-all.runbot155.odoo.com/web/login'</msg>
<status status="PASS" starttime="20230128 07:30:15.922" endtime="20230128 07:30:16.361"/>
</kw>
<kw name="Login with">
<arg>admin123!</arg>
<arg>admin</arg>
<kw name="Input Text" library="SeleniumLibrary">
<arg>css:input[name=login]</arg>
<arg>${uname}</arg>
<doc>Types the given ``text`` into the text field identified by ``locator``.</doc>
<msg timestamp="20230128 07:30:16.363" level="INFO">Typing text 'admin123!' into text field 'css:input[name=login]'.</msg>
<status status="PASS" starttime="20230128 07:30:16.362" endtime="20230128 07:30:16.437"/>
</kw>
<kw name="Input Text" library="SeleniumLibrary">
<arg>css:input[name=password]</arg>
<arg>${pass}</arg>
<doc>Types the given ``text`` into the text field identified by ``locator``.</doc>
<msg timestamp="20230128 07:30:16.437" level="INFO">Typing text 'admin' into text field 'css:input[name=password]'.</msg>
<status status="PASS" starttime="20230128 07:30:16.437" endtime="20230128 07:30:16.511"/>
</kw>
<kw name="Click Element" library="SeleniumLibrary">
<arg>css:button[type=submit]</arg>
<doc>Click the element identified by ``locator``.</doc>
<msg timestamp="20230128 07:30:16.511" level="INFO">Clicking element 'css:button[type=submit]'.</msg>
<status status="PASS" starttime="20230128 07:30:16.511" endtime="20230128 07:30:16.889"/>
</kw>
<kw name="Sleep" library="BuiltIn">
<arg>5s</arg>
<doc>Pauses the test executed for the given time.</doc>
<msg timestamp="20230128 07:30:21.890" level="INFO">Slept 5 seconds</msg>
<status status="PASS" starttime="20230128 07:30:16.890" endtime="20230128 07:30:21.891"/>
</kw>
<status status="PASS" starttime="20230128 07:30:16.361" endtime="20230128 07:30:21.891"/>
</kw>
<kw name="Should Contain Login Alert">
<arg>Wrong login/password</arg>
<kw name="Get WebElement" library="SeleniumLibrary">
<var>${message}</var>
<arg>id:wrapwrap</arg>
<doc>Returns the first WebElement matching the given ``locator``.</doc>
<msg timestamp="20230128 07:30:21.915" level="INFO">${message} = &lt;selenium.webdriver.remote.webelement.WebElement (session="44648885ac02dcbd80df12ee1ebcdb42", element="4d5045b4-a240-475d-9bfb-526b7320d1d7")&gt;</msg>
<status status="PASS" starttime="20230128 07:30:21.893" endtime="20230128 07:30:21.915"/>
</kw>
<kw name="Should Contain" library="BuiltIn">
<arg>${message.text}</arg>
<arg>${expect_message}</arg>
<doc>Fails if ``container`` does not contain ``item`` one or more times.</doc>
<status status="PASS" starttime="20230128 07:30:21.915" endtime="20230128 07:30:21.967"/>
</kw>
<status status="PASS" starttime="20230128 07:30:21.892" endtime="20230128 07:30:21.967"/>
</kw>
<kw name="Encerra sessão" library="basePage" type="TEARDOWN">
<kw name="Capture Page Screenshot" library="SeleniumLibrary">
<doc>Takes a screenshot of the current page and embeds it into a log file.</doc>
<msg timestamp="20230128 07:30:22.078" level="INFO" html="true">&lt;/td&gt;&lt;/tr&gt;&lt;tr&gt;&lt;td colspan="3"&gt;&lt;a href="selenium-screenshot-41.png"&gt;&lt;img src="selenium-screenshot-41.png" width="800px"&gt;&lt;/a&gt;</msg>
<status status="PASS" starttime="20230128 07:30:21.967" endtime="20230128 07:30:22.078"/>
</kw>
<kw name="Close Browser" library="SeleniumLibrary">
<doc>Closes the current browser.</doc>
<status status="PASS" starttime="20230128 07:30:22.078" endtime="20230128 07:30:22.142"/>
</kw>
<status status="PASS" starttime="20230128 07:30:21.967" endtime="20230128 07:30:22.142"/>
</kw>
<tag>login_user404</tag>
<status status="PASS" starttime="20230128 07:30:12.694" endtime="20230128 07:30:22.142"/>
</test>
<status status="PASS" starttime="20230128 07:29:49.098" endtime="20230128 07:30:22.143"/>
</suite>
<statistics>
<total>
<stat pass="3" fail="0" skip="0">All Tests</stat>
</total>
<tag>
<stat pass="1" fail="0" skip="0">login_error</stat>
<stat pass="1" fail="0" skip="0">login_user404</stat>
</tag>
<suite>
<stat pass="3" fail="0" skip="0" id="s1" name="Login">Login</stat>
</suite>
</statistics>
<errors>
</errors>
</robot>
