<?xml version="1.0" encoding="UTF-8"?>
<robot generator="Robot 3.2.2 (Python 3.10.6 on linux)" generated="20230129 18:00:24.533" rpa="false">
<suite id="s1" name="Ponto Venda Tests" source="/home/marcossuba/Documentos/workplace/desafio-qa/Desafio-qa-kmee/feature/tests/ponto_venda_tests.robot">
<test id="s1-t1" name="Scenario: User can filter products by category">
<kw name="Open Login Page Using Chrome Browser" library="resources" type="setup">
<kw name="Open Browser" library="SeleniumLibrary">
<doc>Opens a new browser instance to the optional ``url``.</doc>
<arguments>
<arg>${LOGIN_PAGE}</arg>
<arg>Chrome</arg>
</arguments>
<msg timestamp="20230129 18:00:24.657" level="INFO">Opening browser 'Chrome' to base url 'https://23250900-14-0-all.runbot123.odoo.com/web/login/'.</msg>
<status status="PASS" starttime="20230129 18:00:24.656" endtime="20230129 18:00:28.129"></status>
</kw>
<kw name="Maximize Browser Window" library="SeleniumLibrary">
<doc>Maximizes current browser window.</doc>
<status status="PASS" starttime="20230129 18:00:28.129" endtime="20230129 18:00:28.233"></status>
</kw>
<status status="PASS" starttime="20230129 18:00:24.656" endtime="20230129 18:00:28.233"></status>
</kw>
<kw name="GIVEN Login Page Opened" library="login_pages">
<kw name="Wait Until Element Is Visible" library="SeleniumLibrary">
<doc>Waits until the element ``locator`` is visible.</doc>
<arguments>
<arg>${USERNAME_FIELD}</arg>
</arguments>
<status status="PASS" starttime="20230129 18:00:28.234" endtime="20230129 18:00:28.267"></status>
</kw>
<kw name="Element Should Be Visible" library="SeleniumLibrary">
<doc>Verifies that the element identified by ``locator`` is visible.</doc>
<arguments>
<arg>${USERNAME_FIELD}</arg>
</arguments>
<msg timestamp="20230129 18:00:28.286" level="INFO">Element '//input[@name='login']' is displayed.</msg>
<status status="PASS" starttime="20230129 18:00:28.267" endtime="20230129 18:00:28.286"></status>
</kw>
<kw name="Wait Until Element Is Visible" library="SeleniumLibrary">
<doc>Waits until the element ``locator`` is visible.</doc>
<arguments>
<arg>${PASSWORD_FIELD}</arg>
</arguments>
<status status="PASS" starttime="20230129 18:00:28.286" endtime="20230129 18:00:28.308"></status>
</kw>
<kw name="Element Should Be Visible" library="SeleniumLibrary">
<doc>Verifies that the element identified by ``locator`` is visible.</doc>
<arguments>
<arg>${PASSWORD_FIELD}</arg>
</arguments>
<msg timestamp="20230129 18:00:28.324" level="INFO">Element '//input[@name='password']' is displayed.</msg>
<status status="PASS" starttime="20230129 18:00:28.309" endtime="20230129 18:00:28.324"></status>
</kw>
<status status="PASS" starttime="20230129 18:00:28.233" endtime="20230129 18:00:28.324"></status>
</kw>
<kw name="WHEN Input Username And Password" library="login_steps">
<arguments>
<arg>${valid_username}</arg>
<arg>${valid_password}</arg>
</arguments>
<kw name="Input Username" library="login_pages">
<arguments>
<arg>${username}</arg>
</arguments>
<kw name="Wait Until Element Is Enabled" library="SeleniumLibrary">
<doc>Waits until the element ``locator`` is enabled.</doc>
<arguments>
<arg>${USERNAME_FIELD}</arg>
</arguments>
<status status="PASS" starttime="20230129 18:00:28.325" endtime="20230129 18:00:28.355"></status>
</kw>
<kw name="Input Text" library="SeleniumLibrary">
<doc>Types the given ``text`` into the text field identified by ``locator``.</doc>
<arguments>
<arg>${USERNAME_FIELD}</arg>
<arg>${username}</arg>
</arguments>
<msg timestamp="20230129 18:00:28.355" level="INFO">Typing text 'admin' into text field '//input[@name='login']'.</msg>
<status status="PASS" starttime="20230129 18:00:28.355" endtime="20230129 18:00:28.417"></status>
</kw>
<status status="PASS" starttime="20230129 18:00:28.325" endtime="20230129 18:00:28.417"></status>
</kw>
<kw name="Input Pass" library="login_pages">
<arguments>
<arg>${password}</arg>
</arguments>
<kw name="Wait Until Element Is Enabled" library="SeleniumLibrary">
<doc>Waits until the element ``locator`` is enabled.</doc>
<arguments>
<arg>${PASSWORD_FIELD}</arg>
</arguments>
<status status="PASS" starttime="20230129 18:00:28.417" endtime="20230129 18:00:28.444"></status>
</kw>
<kw name="Input Text" library="SeleniumLibrary">
<doc>Types the given ``text`` into the text field identified by ``locator``.</doc>
<arguments>
<arg>${PASSWORD_FIELD}</arg>
<arg>${password}</arg>
</arguments>
<msg timestamp="20230129 18:00:28.444" level="INFO">Typing text 'admin' into text field '//input[@name='password']'.</msg>
<status status="PASS" starttime="20230129 18:00:28.444" endtime="20230129 18:00:28.513"></status>
</kw>
<status status="PASS" starttime="20230129 18:00:28.417" endtime="20230129 18:00:28.513"></status>
</kw>
<kw name="Show Password Button Should Be Visible" library="login_pages">
<kw name="Wait Until Element Is Visible" library="SeleniumLibrary">
<doc>Waits until the element ``locator`` is visible.</doc>
<arguments>
<arg>${SHOWPASSWORD_BUTTON}</arg>
</arguments>
<status status="PASS" starttime="20230129 18:00:28.514" endtime="20230129 18:00:28.538"></status>
</kw>
<kw name="Element Should Be Visible" library="SeleniumLibrary">
<doc>Verifies that the element identified by ``locator`` is visible.</doc>
<arguments>
<arg>${SHOWPASSWORD_BUTTON}</arg>
</arguments>
<msg timestamp="20230129 18:00:28.552" level="INFO">Element '//a[@href='/web/reset_password'][text()='Reset Password']' is displayed.</msg>
<status status="PASS" starttime="20230129 18:00:28.538" endtime="20230129 18:00:28.552"></status>
</kw>
<status status="PASS" starttime="20230129 18:00:28.514" endtime="20230129 18:00:28.552"></status>
</kw>
<kw name="Login Button Should Be Enabled" library="login_pages">
<kw name="Wait Until Element Is Enabled" library="SeleniumLibrary">
<doc>Waits until the element ``locator`` is enabled.</doc>
<arguments>
<arg>${LOGIN_BUTTON}</arg>
</arguments>
<status status="PASS" starttime="20230129 18:00:28.553" endtime="20230129 18:00:28.623"></status>
</kw>
<kw name="Element Should Be Enabled" library="SeleniumLibrary">
<doc>Verifies that element identified by ``locator`` is enabled.</doc>
<arguments>
<arg>${LOGIN_BUTTON}</arg>
</arguments>
<status status="PASS" starttime="20230129 18:00:28.624" endtime="20230129 18:00:28.643"></status>
</kw>
<status status="PASS" starttime="20230129 18:00:28.552" endtime="20230129 18:00:28.643"></status>
</kw>
<kw name="Click Login Button" library="login_pages">
<kw name="Wait Until Element Is Enabled" library="SeleniumLibrary">
<doc>Waits until the element ``locator`` is enabled.</doc>
<arguments>
<arg>${LOGIN_BUTTON}</arg>
</arguments>
<status status="PASS" starttime="20230129 18:00:28.643" endtime="20230129 18:00:28.663"></status>
</kw>
<kw name="Click Element" library="SeleniumLibrary">
<doc>Click the element identified by ``locator``.</doc>
<arguments>
<arg>${LOGIN_BUTTON}</arg>
</arguments>
<msg timestamp="20230129 18:00:28.663" level="INFO">Clicking element '//button[@type='submit']'.</msg>
<status status="PASS" starttime="20230129 18:00:28.663" endtime="20230129 18:00:29.852"></status>
</kw>
<status status="PASS" starttime="20230129 18:00:28.643" endtime="20230129 18:00:29.853"></status>
</kw>
<status status="PASS" starttime="20230129 18:00:28.324" endtime="20230129 18:00:29.853"></status>
</kw>
<kw name="THEN CLICK LINK" library="home_pages">
<kw name="Wait Until Element Is Enabled" library="SeleniumLibrary">
<doc>Waits until the element ``locator`` is enabled.</doc>
<arguments>
<arg>${LINK_BUTTON}</arg>
</arguments>
<status status="PASS" starttime="20230129 18:00:29.853" endtime="20230129 18:00:30.441"></status>
</kw>
<kw name="Click Element" library="SeleniumLibrary">
<doc>Click the element identified by ``locator``.</doc>
<arguments>
<arg>${LINK_BUTTON}</arg>
</arguments>
<msg timestamp="20230129 18:00:30.441" level="INFO">Clicking element '//a[@data-toggle='dropdown']'.</msg>
<status status="PASS" starttime="20230129 18:00:30.441" endtime="20230129 18:00:30.496"></status>
</kw>
<status status="PASS" starttime="20230129 18:00:29.853" endtime="20230129 18:00:30.496"></status>
</kw>
<kw name="THEN CLICK LINK_SALE" library="home_pages">
<kw name="Wait Until Element Is Enabled" library="SeleniumLibrary">
<doc>Waits until the element ``locator`` is enabled.</doc>
<arguments>
<arg>${LINK_SALE}</arg>
</arguments>
<status status="PASS" starttime="20230129 18:00:30.496" endtime="20230129 18:00:30.526"></status>
</kw>
<kw name="Click Element" library="SeleniumLibrary">
<doc>Click the element identified by ``locator``.</doc>
<arguments>
<arg>${LINK_SALE}</arg>
</arguments>
<msg timestamp="20230129 18:00:30.526" level="INFO">Clicking element '//a[@data-menu-id='563']'.</msg>
<status status="PASS" starttime="20230129 18:00:30.526" endtime="20230129 18:00:30.570"></status>
</kw>
<status status="PASS" starttime="20230129 18:00:30.496" endtime="20230129 18:00:30.571"></status>
</kw>
<kw name="THEN Home Page Opened" library="home_pages">
<kw name="Wait Until Element Is Visible" library="SeleniumLibrary">
<doc>Waits until the element ``locator`` is visible.</doc>
<arguments>
<arg>${IG_LOGO}</arg>
</arguments>
<status status="PASS" starttime="20230129 18:00:30.571" endtime="20230129 18:00:31.539"></status>
</kw>
<kw name="Element Should Be Visible" library="SeleniumLibrary">
<doc>Verifies that the element identified by ``locator`` is visible.</doc>
<arguments>
<arg>${IG_LOGO}</arg>
</arguments>
<msg timestamp="20230129 18:00:31.587" level="INFO">Element '//li[@class='breadcrumb-item active']' is displayed.</msg>
<status status="PASS" starttime="20230129 18:00:31.539" endtime="20230129 18:00:31.587"></status>
</kw>
<kw name="Wait Until Element Is Visible" library="SeleniumLibrary">
<doc>Waits until the element ``locator`` is visible.</doc>
<arguments>
<arg>${PROFILE_ICON}</arg>
</arguments>
<status status="PASS" starttime="20230129 18:00:31.587" endtime="20230129 18:00:31.636"></status>
</kw>
<kw name="Element Should Be Visible" library="SeleniumLibrary">
<doc>Verifies that the element identified by ``locator`` is visible.</doc>
<arguments>
<arg>${PROFILE_ICON}</arg>
</arguments>
<msg timestamp="20230129 18:00:31.657" level="INFO">Element '//a[@class='o_menu_brand']' is displayed.</msg>
<status status="PASS" starttime="20230129 18:00:31.636" endtime="20230129 18:00:31.657"></status>
</kw>
<kw name="Wait Until Element Is Visible" library="SeleniumLibrary">
<doc>Waits until the element ``locator`` is visible.</doc>
<arguments>
<arg>${PROFILE_BUTTON}</arg>
</arguments>
<status status="PASS" starttime="20230129 18:00:31.658" endtime="20230129 18:00:31.686"></status>
</kw>
<kw name="Element Should Be Visible" library="SeleniumLibrary">
<doc>Verifies that the element identified by ``locator`` is visible.</doc>
<arguments>
<arg>${PROFILE_BUTTON}</arg>
</arguments>
<msg timestamp="20230129 18:00:31.707" level="INFO">Element '//li[@class='o_user_menu']' is displayed.</msg>
<status status="PASS" starttime="20230129 18:00:31.687" endtime="20230129 18:00:31.707"></status>
</kw>
<status status="PASS" starttime="20230129 18:00:30.571" endtime="20230129 18:00:31.707"></status>
</kw>
<kw name="WHEN CLICK BUTTON_RESUME" library="ponto_venda_pages">
<kw name="Wait Until Element Is Visible" library="SeleniumLibrary">
<doc>Waits until the element ``locator`` is visible.</doc>
<arguments>
<arg>${LINK_KANBAN}</arg>
</arguments>
<status status="PASS" starttime="20230129 18:00:31.708" endtime="20230129 18:00:31.736"></status>
</kw>
<kw name="Element Should Be Visible" library="SeleniumLibrary">
<doc>Verifies that the element identified by ``locator`` is visible.</doc>
<arguments>
<arg>${LINK_KANBAN}</arg>
</arguments>
<msg timestamp="20230129 18:00:31.757" level="INFO">Element '//div[@class="o_kanban_record"]' is displayed.</msg>
<status status="PASS" starttime="20230129 18:00:31.737" endtime="20230129 18:00:31.757"></status>
</kw>
<kw name="Wait Until Element Is Visible" library="SeleniumLibrary">
<doc>Waits until the element ``locator`` is visible.</doc>
<arguments>
<arg>${BUTTON_RESUME}</arg>
</arguments>
<status status="PASS" starttime="20230129 18:00:31.757" endtime="20230129 18:00:31.786"></status>
</kw>
<kw name="Click Element" library="SeleniumLibrary">
<doc>Click the element identified by ``locator``.</doc>
<arguments>
<arg>${BUTTON_RESUME}</arg>
</arguments>
<msg timestamp="20230129 18:00:31.787" level="INFO">Clicking element '(//button[@data-name='open_ui'])[1]'.</msg>
<status status="PASS" starttime="20230129 18:00:31.786" endtime="20230129 18:00:31.838"></status>
</kw>
<status status="PASS" starttime="20230129 18:00:31.708" endtime="20230129 18:00:31.838"></status>
</kw>
<kw name="THEN the user should only see products from that category on the page" library="home_pages">
<kw name="Wait Until Element Is Visible" library="SeleniumLibrary">
<doc>Waits until the element ``locator`` is visible.</doc>
<arguments>
<arg>${LINK_KANBAN}</arg>
</arguments>
<status status="PASS" starttime="20230129 18:00:31.838" endtime="20230129 18:00:31.853"></status>
</kw>
<kw name="Element Should Be Visible" library="SeleniumLibrary">
<doc>Verifies that the element identified by ``locator`` is visible.</doc>
<arguments>
<arg>${LINK_KANBAN}</arg>
</arguments>
<msg timestamp="20230129 18:00:31.867" level="INFO">Element '//div[@class="o_kanban_record"]' is displayed.</msg>
<status status="PASS" starttime="20230129 18:00:31.853" endtime="20230129 18:00:31.867"></status>
</kw>
<kw name="Wait Until Element Is Visible" library="SeleniumLibrary">
<doc>Waits until the element ``locator`` is visible.</doc>
<arguments>
<arg>${BUTTON_RESUME}</arg>
</arguments>
<status status="PASS" starttime="20230129 18:00:31.868" endtime="20230129 18:00:31.883"></status>
</kw>
<kw name="Element Should Be Visible" library="SeleniumLibrary">
<doc>Verifies that the element identified by ``locator`` is visible.</doc>
<arguments>
<arg>${BUTTON_RESUME}</arg>
</arguments>
<msg timestamp="20230129 18:00:31.898" level="INFO">Element '(//button[@data-name='open_ui'])[1]' is displayed.</msg>
<status status="PASS" starttime="20230129 18:00:31.883" endtime="20230129 18:00:31.898"></status>
</kw>
<status status="PASS" starttime="20230129 18:00:31.838" endtime="20230129 18:00:31.898"></status>
</kw>
<kw name="Close Browser" library="SeleniumLibrary" type="teardown">
<doc>Closes the current browser.</doc>
<status status="PASS" starttime="20230129 18:00:31.898" endtime="20230129 18:00:31.961"></status>
</kw>
<status status="PASS" starttime="20230129 18:00:24.656" endtime="20230129 18:00:31.961" critical="yes"></status>
</test>
<status status="PASS" starttime="20230129 18:00:24.534" endtime="20230129 18:00:31.962"></status>
</suite>
<statistics>
<total>
<stat pass="1" fail="0">Critical Tests</stat>
<stat pass="1" fail="0">All Tests</stat>
</total>
<tag>
</tag>
<suite>
<stat pass="1" fail="0" id="s1" name="Ponto Venda Tests">Ponto Venda Tests</stat>
</suite>
</statistics>
<errors>
</errors>
</robot>
