<?xml version="1.0" encoding="UTF-8"?>
<robot generator="Robot 5.0.1 (Python 3.10.6 on linux)" generated="20230126 16:38:10.717" rpa="false" schemaversion="3">
<suite id="s1" name="Desafio-qa-kmee" source="/home/marcossuba/Documentos/workplace/desafio-qa/Desafio-qa-kmee">
<suite id="s1-s1" name="Web" source="/home/marcossuba/Documentos/workplace/desafio-qa/Desafio-qa-kmee/web">
<suite id="s1-s1-s1" name="Tests" source="/home/marcossuba/Documentos/workplace/desafio-qa/Desafio-qa-kmee/web/tests">
<suite id="s1-s1-s1-s1" name="Login" source="/home/marcossuba/Documentos/workplace/desafio-qa/Desafio-qa-kmee/web/tests/login.robot">
<test id="s1-s1-s1-s1-t1" name="Login com sucesso" line="8">
<kw name="Inicia sessão" library="basePage" type="SETUP">
<kw name="Open Browser" library="SeleniumLibrary">
<arg>${url}</arg>
<arg>chrome</arg>
<doc>Opens a new browser instance to the optional ``url``.</doc>
<msg timestamp="20230126 16:38:10.973" level="INFO">Opening browser 'chrome' to base url 'https://23160502-14-0-all.runbot155.odoo.com/web'.</msg>
<status status="PASS" starttime="20230126 16:38:10.972" endtime="20230126 16:38:18.811"/>
</kw>
<status status="PASS" starttime="20230126 16:38:10.971" endtime="20230126 16:38:18.812"/>
</kw>
<kw name="Go To" library="SeleniumLibrary">
<arg>${url}/login</arg>
<doc>Navigates the current browser window to the provided ``url``.</doc>
<msg timestamp="20230126 16:38:18.813" level="INFO">Opening url 'https://23160502-14-0-all.runbot155.odoo.com/web/login'</msg>
<status status="PASS" starttime="20230126 16:38:18.812" endtime="20230126 16:38:20.092"/>
</kw>
<kw name="Login with">
<arg>admin</arg>
<arg>admin</arg>
<kw name="Input Text" library="SeleniumLibrary">
<arg>css:input[name=login]</arg>
<arg>${uname}</arg>
<doc>Types the given ``text`` into the text field identified by ``locator``.</doc>
<msg timestamp="20230126 16:38:20.095" level="INFO">Typing text 'admin' into text field 'css:input[name=login]'.</msg>
<status status="PASS" starttime="20230126 16:38:20.094" endtime="20230126 16:38:20.272"/>
</kw>
<kw name="Input Text" library="SeleniumLibrary">
<arg>css:input[name=password]</arg>
<arg>${pass}</arg>
<doc>Types the given ``text`` into the text field identified by ``locator``.</doc>
<msg timestamp="20230126 16:38:20.273" level="INFO">Typing text 'admin' into text field 'css:input[name=password]'.</msg>
<status status="PASS" starttime="20230126 16:38:20.272" endtime="20230126 16:38:20.415"/>
</kw>
<kw name="Click Element" library="SeleniumLibrary">
<arg>css:button[type=submit]</arg>
<doc>Click the element identified by ``locator``.</doc>
<msg timestamp="20230126 16:38:20.417" level="INFO">Clicking element 'css:button[type=submit]'.</msg>
<status status="PASS" starttime="20230126 16:38:20.416" endtime="20230126 16:38:23.025"/>
</kw>
<kw name="Sleep" library="BuiltIn">
<arg>5s</arg>
<doc>Pauses the test executed for the given time.</doc>
<msg timestamp="20230126 16:38:28.026" level="INFO">Slept 5 seconds</msg>
<status status="PASS" starttime="20230126 16:38:23.025" endtime="20230126 16:38:28.027"/>
</kw>
<status status="PASS" starttime="20230126 16:38:20.093" endtime="20230126 16:38:28.029"/>
</kw>
<kw name="Should see Logged user">
<arg>Mitchell Admin</arg>
<kw name="Page Should Contain" library="SeleniumLibrary">
<arg>${full_name}</arg>
<doc>Verifies that current page contains ``text``.</doc>
<msg timestamp="20230126 16:38:28.084" level="INFO">Current page contains text 'Mitchell Admin'.</msg>
<status status="PASS" starttime="20230126 16:38:28.034" endtime="20230126 16:38:28.088"/>
</kw>
<status status="PASS" starttime="20230126 16:38:28.031" endtime="20230126 16:38:28.088"/>
</kw>
<kw name="Encerra sessão" library="basePage" type="TEARDOWN">
<kw name="Capture Page Screenshot" library="SeleniumLibrary">
<doc>Takes a screenshot of the current page and embeds it into a log file.</doc>
<msg timestamp="20230126 16:38:28.228" level="INFO" html="true">&lt;/td&gt;&lt;/tr&gt;&lt;tr&gt;&lt;td colspan="3"&gt;&lt;a href="selenium-screenshot-3.png"&gt;&lt;img src="selenium-screenshot-3.png" width="800px"&gt;&lt;/a&gt;</msg>
<status status="PASS" starttime="20230126 16:38:28.090" endtime="20230126 16:38:28.228"/>
</kw>
<kw name="Close Browser" library="SeleniumLibrary">
<doc>Closes the current browser.</doc>
<status status="PASS" starttime="20230126 16:38:28.228" endtime="20230126 16:38:28.292"/>
</kw>
<status status="PASS" starttime="20230126 16:38:28.089" endtime="20230126 16:38:28.293"/>
</kw>
<status status="PASS" starttime="20230126 16:38:10.969" endtime="20230126 16:38:28.293"/>
</test>
<test id="s1-s1-s1-s1-t2" name="Senha Invalida" line="14">
<kw name="Inicia sessão" library="basePage" type="SETUP">
<kw name="Open Browser" library="SeleniumLibrary">
<arg>${url}</arg>
<arg>chrome</arg>
<doc>Opens a new browser instance to the optional ``url``.</doc>
<msg timestamp="20230126 16:38:28.299" level="INFO">Opening browser 'chrome' to base url 'https://23160502-14-0-all.runbot155.odoo.com/web'.</msg>
<status status="PASS" starttime="20230126 16:38:28.299" endtime="20230126 16:38:32.970"/>
</kw>
<status status="PASS" starttime="20230126 16:38:28.298" endtime="20230126 16:38:32.971"/>
</kw>
<kw name="Go To" library="SeleniumLibrary">
<arg>${url}/login</arg>
<doc>Navigates the current browser window to the provided ``url``.</doc>
<msg timestamp="20230126 16:38:32.972" level="INFO">Opening url 'https://23160502-14-0-all.runbot155.odoo.com/web/login'</msg>
<status status="PASS" starttime="20230126 16:38:32.971" endtime="20230126 16:38:34.313"/>
</kw>
<kw name="Login with">
<arg>testes</arg>
<arg>abd123</arg>
<kw name="Input Text" library="SeleniumLibrary">
<arg>css:input[name=login]</arg>
<arg>${uname}</arg>
<doc>Types the given ``text`` into the text field identified by ``locator``.</doc>
<msg timestamp="20230126 16:38:34.316" level="INFO">Typing text 'testes' into text field 'css:input[name=login]'.</msg>
<status status="PASS" starttime="20230126 16:38:34.315" endtime="20230126 16:38:34.431"/>
</kw>
<kw name="Input Text" library="SeleniumLibrary">
<arg>css:input[name=password]</arg>
<arg>${pass}</arg>
<doc>Types the given ``text`` into the text field identified by ``locator``.</doc>
<msg timestamp="20230126 16:38:34.432" level="INFO">Typing text 'abd123' into text field 'css:input[name=password]'.</msg>
<status status="PASS" starttime="20230126 16:38:34.432" endtime="20230126 16:38:34.524"/>
</kw>
<kw name="Click Element" library="SeleniumLibrary">
<arg>css:button[type=submit]</arg>
<doc>Click the element identified by ``locator``.</doc>
<msg timestamp="20230126 16:38:34.526" level="INFO">Clicking element 'css:button[type=submit]'.</msg>
<status status="PASS" starttime="20230126 16:38:34.525" endtime="20230126 16:38:36.859"/>
</kw>
<kw name="Sleep" library="BuiltIn">
<arg>5s</arg>
<doc>Pauses the test executed for the given time.</doc>
<msg timestamp="20230126 16:38:41.861" level="INFO">Slept 5 seconds</msg>
<status status="PASS" starttime="20230126 16:38:36.860" endtime="20230126 16:38:41.861"/>
</kw>
<status status="PASS" starttime="20230126 16:38:34.314" endtime="20230126 16:38:41.862"/>
</kw>
<kw name="Should Contain Login Alert">
<arg>Wrong login/password</arg>
<kw name="Get WebElement" library="SeleniumLibrary">
<var>${message}</var>
<arg>id:wrapwrap</arg>
<doc>Returns the first WebElement matching the given ``locator``.</doc>
<msg timestamp="20230126 16:38:41.896" level="INFO">${message} = &lt;selenium.webdriver.remote.webelement.WebElement (session="44a1196fba9d2fd49fe622886aae64a9", element="1403d693-250e-4e96-9a6a-35bdb935ac76")&gt;</msg>
<status status="PASS" starttime="20230126 16:38:41.866" endtime="20230126 16:38:41.896"/>
</kw>
<kw name="Should Contain" library="BuiltIn">
<arg>${message.text}</arg>
<arg>${expect_message}</arg>
<doc>Fails if ``container`` does not contain ``item`` one or more times.</doc>
<status status="PASS" starttime="20230126 16:38:41.896" endtime="20230126 16:38:41.963"/>
</kw>
<status status="PASS" starttime="20230126 16:38:41.864" endtime="20230126 16:38:41.964"/>
</kw>
<kw name="Encerra sessão" library="basePage" type="TEARDOWN">
<kw name="Capture Page Screenshot" library="SeleniumLibrary">
<doc>Takes a screenshot of the current page and embeds it into a log file.</doc>
<msg timestamp="20230126 16:38:42.087" level="INFO" html="true">&lt;/td&gt;&lt;/tr&gt;&lt;tr&gt;&lt;td colspan="3"&gt;&lt;a href="selenium-screenshot-4.png"&gt;&lt;img src="selenium-screenshot-4.png" width="800px"&gt;&lt;/a&gt;</msg>
<status status="PASS" starttime="20230126 16:38:41.965" endtime="20230126 16:38:42.087"/>
</kw>
<kw name="Close Browser" library="SeleniumLibrary">
<doc>Closes the current browser.</doc>
<status status="PASS" starttime="20230126 16:38:42.087" endtime="20230126 16:38:42.155"/>
</kw>
<status status="PASS" starttime="20230126 16:38:41.964" endtime="20230126 16:38:42.156"/>
</kw>
<tag>login_error</tag>
<status status="PASS" starttime="20230126 16:38:28.296" endtime="20230126 16:38:42.156"/>
</test>
<test id="s1-s1-s1-s1-t3" name="Usuario não existe" line="21">
<kw name="Inicia sessão" library="basePage" type="SETUP">
<kw name="Open Browser" library="SeleniumLibrary">
<arg>${url}</arg>
<arg>chrome</arg>
<doc>Opens a new browser instance to the optional ``url``.</doc>
<msg timestamp="20230126 16:38:42.162" level="INFO">Opening browser 'chrome' to base url 'https://23160502-14-0-all.runbot155.odoo.com/web'.</msg>
<status status="PASS" starttime="20230126 16:38:42.161" endtime="20230126 16:38:47.511"/>
</kw>
<status status="PASS" starttime="20230126 16:38:42.160" endtime="20230126 16:38:47.511"/>
</kw>
<kw name="Go To" library="SeleniumLibrary">
<arg>${url}/login</arg>
<doc>Navigates the current browser window to the provided ``url``.</doc>
<msg timestamp="20230126 16:38:47.512" level="INFO">Opening url 'https://23160502-14-0-all.runbot155.odoo.com/web/login'</msg>
<status status="PASS" starttime="20230126 16:38:47.512" endtime="20230126 16:38:49.773"/>
</kw>
<kw name="Login with">
<arg>admin123!</arg>
<arg>admin</arg>
<kw name="Input Text" library="SeleniumLibrary">
<arg>css:input[name=login]</arg>
<arg>${uname}</arg>
<doc>Types the given ``text`` into the text field identified by ``locator``.</doc>
<msg timestamp="20230126 16:38:49.775" level="INFO">Typing text 'admin123!' into text field 'css:input[name=login]'.</msg>
<status status="PASS" starttime="20230126 16:38:49.775" endtime="20230126 16:38:49.889"/>
</kw>
<kw name="Input Text" library="SeleniumLibrary">
<arg>css:input[name=password]</arg>
<arg>${pass}</arg>
<doc>Types the given ``text`` into the text field identified by ``locator``.</doc>
<msg timestamp="20230126 16:38:49.890" level="INFO">Typing text 'admin' into text field 'css:input[name=password]'.</msg>
<status status="PASS" starttime="20230126 16:38:49.889" endtime="20230126 16:38:49.987"/>
</kw>
<kw name="Click Element" library="SeleniumLibrary">
<arg>css:button[type=submit]</arg>
<doc>Click the element identified by ``locator``.</doc>
<msg timestamp="20230126 16:38:49.988" level="INFO">Clicking element 'css:button[type=submit]'.</msg>
<status status="PASS" starttime="20230126 16:38:49.988" endtime="20230126 16:38:52.251"/>
</kw>
<kw name="Sleep" library="BuiltIn">
<arg>5s</arg>
<doc>Pauses the test executed for the given time.</doc>
<msg timestamp="20230126 16:38:57.253" level="INFO">Slept 5 seconds</msg>
<status status="PASS" starttime="20230126 16:38:52.251" endtime="20230126 16:38:57.253"/>
</kw>
<status status="PASS" starttime="20230126 16:38:49.774" endtime="20230126 16:38:57.254"/>
</kw>
<kw name="Should Contain Login Alert">
<arg>Wrong login/password</arg>
<kw name="Get WebElement" library="SeleniumLibrary">
<var>${message}</var>
<arg>id:wrapwrap</arg>
<doc>Returns the first WebElement matching the given ``locator``.</doc>
<msg timestamp="20230126 16:38:57.290" level="INFO">${message} = &lt;selenium.webdriver.remote.webelement.WebElement (session="643e202b97a591c72573adaa5400db77", element="d87c5a4b-20f6-426a-aa73-0f2fc72176c5")&gt;</msg>
<status status="PASS" starttime="20230126 16:38:57.256" endtime="20230126 16:38:57.290"/>
</kw>
<kw name="Should Contain" library="BuiltIn">
<arg>${message.text}</arg>
<arg>${expect_message}</arg>
<doc>Fails if ``container`` does not contain ``item`` one or more times.</doc>
<status status="PASS" starttime="20230126 16:38:57.291" endtime="20230126 16:38:57.379"/>
</kw>
<status status="PASS" starttime="20230126 16:38:57.254" endtime="20230126 16:38:57.379"/>
</kw>
<kw name="Encerra sessão" library="basePage" type="TEARDOWN">
<kw name="Capture Page Screenshot" library="SeleniumLibrary">
<doc>Takes a screenshot of the current page and embeds it into a log file.</doc>
<msg timestamp="20230126 16:38:57.515" level="INFO" html="true">&lt;/td&gt;&lt;/tr&gt;&lt;tr&gt;&lt;td colspan="3"&gt;&lt;a href="selenium-screenshot-5.png"&gt;&lt;img src="selenium-screenshot-5.png" width="800px"&gt;&lt;/a&gt;</msg>
<status status="PASS" starttime="20230126 16:38:57.380" endtime="20230126 16:38:57.516"/>
</kw>
<kw name="Close Browser" library="SeleniumLibrary">
<doc>Closes the current browser.</doc>
<status status="PASS" starttime="20230126 16:38:57.516" endtime="20230126 16:38:57.581"/>
</kw>
<status status="PASS" starttime="20230126 16:38:57.380" endtime="20230126 16:38:57.582"/>
</kw>
<tag>login_user404</tag>
<status status="PASS" starttime="20230126 16:38:42.158" endtime="20230126 16:38:57.582"/>
</test>
<status status="PASS" starttime="20230126 16:38:10.746" endtime="20230126 16:38:57.584"/>
</suite>
<status status="PASS" starttime="20230126 16:38:10.743" endtime="20230126 16:38:57.589"/>
</suite>
<status status="PASS" starttime="20230126 16:38:10.741" endtime="20230126 16:38:57.595"/>
</suite>
<status status="PASS" starttime="20230126 16:38:10.720" endtime="20230126 16:38:57.600"/>
</suite>
<statistics>
<total>
<stat pass="3" fail="0" skip="0">All Tests</stat>
</total>
<tag>
<stat pass="1" fail="0" skip="0">login_error</stat>
<stat pass="1" fail="0" skip="0">login_user404</stat>
</tag>
<suite>
<stat pass="3" fail="0" skip="0" id="s1" name="Desafio-qa-kmee">Desafio-qa-kmee</stat>
<stat pass="3" fail="0" skip="0" id="s1-s1" name="Web">Desafio-qa-kmee.Web</stat>
<stat pass="3" fail="0" skip="0" id="s1-s1-s1" name="Tests">Desafio-qa-kmee.Web.Tests</stat>
<stat pass="3" fail="0" skip="0" id="s1-s1-s1-s1" name="Login">Desafio-qa-kmee.Web.Tests.Login</stat>
</suite>
</statistics>
<errors>
</errors>
</robot>
